<?xml version="1.0" encoding="UTF-8"?>
<!-- Generated by org.testng.reporters.JUnitReportReporter -->
<testsuite name="KataHappyTest" tests="2" time="0.196" ignored="0" failures="0" timestamp="06 Mai 2017 21:19:52 GMT" skipped="0" hostname="w5cz" errors="0">
  <testcase name="returnSquareSumOfNumber" time="0.003" classname="KataHappyTest"/>
  <testcase name="happyCheck" time="0.193" classname="KataHappyTest"/>
</testsuite> <!-- KataHappyTest -->
